<?xml version="1.0" encoding="UTF-8"?>
<!-- Generated by org.testng.reporters.JUnitReportReporter -->
<testsuite hostname="DESKTOP-MAHESH-TL" failures="0" tests="1" name="TestCases.TC4_Login" time="5.484" errors="0" timestamp="2025-02-28T12:43:38 IST" skipped="0">
  <testcase classname="TestCases.TC4_Login" name="Login4" time="5.484"/>
  <system-out/>
</testsuite> <!-- TestCases.TC4_Login -->
