<?xml version="1.0" encoding="UTF-8"?>
<!-- Generated by org.testng.reporters.JUnitReportReporter -->
<testsuite hostname="DESKTOP-MAHESH-TL" failures="0" tests="1" name="TestCases.TC2_login" time="3.033" errors="0" timestamp="2025-02-24T12:57:25 IST" skipped="0">
  <testcase classname="TestCases.TC2_login" name="login2" time="3.033"/>
  <system-out/>
</testsuite> <!-- TestCases.TC2_login -->
