<?xml version="1.0" encoding="UTF-8"?>
<!-- Generated by org.testng.reporters.JUnitReportReporter -->
<testsuite hostname="DESKTOP-MAHESH-TL" failures="0" tests="1" name="XLSX.XLWrite" time="4.624" errors="0" timestamp="2025-02-27T15:53:15 IST" skipped="0">
  <testcase classname="XLSX.XLWrite" name="writexl" time="4.624"/>
  <system-out/>
</testsuite> <!-- XLSX.XLWrite -->
