<?xml version="1.0" encoding="UTF-8"?>
<!-- Generated by org.testng.reporters.JUnitReportReporter -->
<testsuite hostname="DESKTOP-MAHESH-TL" failures="0" tests="1" name="TestCases.TC1_Login" time="1.968" errors="0" timestamp="2025-03-04T11:56:05 IST" skipped="0">
  <testcase classname="TestCases.TC1_Login" name="login_tc" time="1.968"/>
  <system-out/>
</testsuite> <!-- TestCases.TC1_Login -->
