<?xml version="1.0" encoding="UTF-8"?>
<!-- Generated by org.testng.reporters.JUnitReportReporter -->
<testsuite hostname="DESKTOP-MAHESH-TL" failures="0" tests="1" name="TestCases.TC1_Login" time="2.194" errors="0" timestamp="2025-03-07T15:38:25 IST" skipped="0">
  <testcase classname="TestCases.TC1_Login" name="login_tc" time="2.194"/>
  <system-out/>
</testsuite> <!-- TestCases.TC1_Login -->
